<?xml version="1.0" encoding="UTF-8"?>
<!-- Generated by org.testng.reporters.JUnitReportReporter -->
<testsuite hostname="DESKTOP-HKAACU0" failures="0" tests="2" name="Yugioh.AppiumTest" time="0.008" errors="0" timestamp="2020-03-24T00:55:25 EDT" skipped="0">
  <testcase classname="Yugioh.AppiumTest" name="AndroidLogin" time="0.007"/>
  <system-out/>
  <testcase classname="Yugioh.AppiumTest" name="iOSLogin" time="0.001"/>
  <system-out/>
</testsuite> <!-- Yugioh.AppiumTest -->
