<?xml version="1.0" encoding="UTF-8"?>
<!-- Generated by org.testng.reporters.JUnitReportReporter -->
<testsuite hostname="DESKTOP-HKAACU0" failures="0" tests="4" name="Yugioh.SeleniumTest" time="0.001" errors="0" timestamp="2020-03-24T00:55:25 EDT" skipped="0">
  <testcase classname="Yugioh.SeleniumTest" name="TestUsingSelenium" time="0.000"/>
  <system-out/>
  <testcase classname="Yugioh.SeleniumTest" name="DummyTest1" time="0.000"/>
  <system-out/>
  <testcase classname="Yugioh.SeleniumTest" name="DummyTest2" time="0.001"/>
  <system-out/>
  <testcase classname="Yugioh.SeleniumTest" name="DummyTest3" time="0.000"/>
  <system-out/>
</testsuite> <!-- Yugioh.SeleniumTest -->
