<?xml version="1.0" encoding="UTF-8"?>
<!-- Generated by org.testng.reporters.JUnitReportReporter -->
<testsuite hostname="DESKTOP-HKAACU0" failures="0" tests="2" name="Yugioh.RestApiTest" time="0.001" errors="0" timestamp="2020-03-24T00:55:25 EDT" skipped="0">
  <testcase classname="Yugioh.RestApiTest" name="CapitalCity" time="0.000"/>
  <system-out/>
  <testcase classname="Yugioh.RestApiTest" name="CountyCode" time="0.001"/>
  <system-out/>
</testsuite> <!-- Yugioh.RestApiTest -->
