<?xml version="1.0" encoding="UTF-8"?>
<!-- Generated by org.testng.reporters.JUnitReportReporter -->
<testsuite hostname="DESKTOP-HKAACU0" failures="0" tests="1" name="Yugioh.RestApiTest" time="0.001" errors="0" timestamp="2020-03-18T15:47:13 EDT" skipped="0">
  <testcase classname="Yugioh.RestApiTest" name="CountyCode" time="0.001"/>
</testsuite> <!-- Yugioh.RestApiTest -->
