<?xml version="1.0" encoding="UTF-8"?>
<!-- Generated by org.testng.reporters.JUnitReportReporter -->
<testsuite hostname="DESKTOP-HKAACU0" failures="0" tests="1" name="Yugioh.AppiumTest" time="0.009" errors="0" timestamp="2020-03-18T15:47:13 EDT" skipped="0">
  <testcase classname="Yugioh.AppiumTest" name="iOSLogin" time="0.009"/>
</testsuite> <!-- Yugioh.AppiumTest -->
